2018-12-27 08:29:12.163 [main] INFO  [com.zhonghua.cotton.CottonApplication:50] maincid - Starting CottonApplication on HY-PC with PID 7992 (D:\workspace\cotton\target\classes started by LZJ in D:\workspace\cotton)
2018-12-27 08:29:12.169 [main] INFO  [com.zhonghua.cotton.CottonApplication:675] maincid - No active profile set, falling back to default profiles: default
2018-12-27 08:29:12.900 [main] INFO  [org.springframework.data.repository.config.RepositoryConfigurationDelegate:244] maincid - Multiple Spring Data modules found, entering strict repository configuration mode!
2018-12-27 08:29:12.903 [main] INFO  [org.springframework.data.repository.config.RepositoryConfigurationDelegate:126] maincid - Bootstrapping Spring Data repositories in DEFAULT mode.
2018-12-27 08:29:12.930 [main] INFO  [org.springframework.data.repository.config.RepositoryConfigurationDelegate:182] maincid - Finished Spring Data repository scanning in 13ms. Found 0 repository interfaces.
2018-12-27 08:29:13.200 [main] INFO  [org.springframework.context.support.PostProcessorRegistrationDelegate$BeanPostProcessorChecker:330] maincid - Bean 'org.springframework.transaction.annotation.ProxyTransactionManagementConfiguration' of type [org.springframework.transaction.annotation.ProxyTransactionManagementConfiguration$$EnhancerBySpringCGLIB$$6668c35d] is not eligible for getting processed by all BeanPostProcessors (for example: not eligible for auto-proxying)
2018-12-27 08:29:13.663 [main] INFO  [org.springframework.boot.web.embedded.tomcat.TomcatWebServer:90] maincid - Tomcat initialized with port(s): 8061 (http)
2018-12-27 08:29:13.676 [main] INFO  [org.apache.coyote.http11.Http11NioProtocol:173] maincid - Initializing ProtocolHandler ["http-nio-8061"]
2018-12-27 08:29:13.686 [main] INFO  [org.apache.catalina.core.StandardService:173] maincid - Starting service [Tomcat]
2018-12-27 08:29:13.687 [main] INFO  [org.apache.catalina.core.StandardEngine:173] maincid - Starting Servlet Engine: Apache Tomcat/9.0.13
2018-12-27 08:29:13.695 [main] INFO  [org.apache.catalina.core.AprLifecycleListener:173] maincid - The APR based Apache Tomcat Native library which allows optimal performance in production environments was not found on the java.library.path: [D:\Program Files\Java\jdk1.8.0_171\bin;C:\Windows\Sun\Java\bin;C:\Windows\system32;C:\Windows;C:\Program Files (x86)\Common Files\Oracle\Java\javapath;C:\Windows\system32;C:\Windows;C:\Windows\System32\Wbem;C:\Windows\System32\WindowsPowerShell\v1.0\;C:\Program Files (x86)\AMD\ATI.ACE\Core-Static;C:\Program Files (x86)\Microsoft SQL Server\100\Tools\Binn\;C:\Program Files\Microsoft SQL Server\100\Tools\Binn\;C:\Program Files\Microsoft SQL Server\100\DTS\Binn\;C:\Program Files (x86)\Microsoft SQL Server\100\Tools\Binn\VSShell\Common7\IDE\;C:\Program Files (x86)\Microsoft SQL Server\100\DTS\Binn\;D:\Program Files\VisualSVN Server\bin;D:\Program Files\TortoiseSVN\bin;D:\Program Files\nodejs\;.;D:\Program Files\Java\jdk1.8.0_171/bin;D:\Program Files\apache-maven-3.5.3\bin;;D:\Program Files\SSH Communications Security\SSH Secure Shell;D:\Program Files\Docker Toolbox;D:\Program Files\MySQL Server 5.6\bin;D:\Program Files\Apache Tomcat v8.0\bin;C:\Users\LZJ\AppData\Roaming\npm;D:\Program Files\erl\bin;D:\RabbitMQ\rabbitmq\sbin;D:\Program Files\mysql-5.7.22\bin;;.]
2018-12-27 08:29:13.842 [main] INFO  [org.apache.catalina.core.ContainerBase.[Tomcat].[localhost].[/]:173] maincid - Initializing Spring embedded WebApplicationContext
2018-12-27 08:29:13.842 [main] INFO  [org.springframework.web.context.ContextLoader:296] maincid - Root WebApplicationContext: initialization completed in 1605 ms
2018-12-27 08:29:14.063 [main] INFO  [com.alibaba.druid.pool.DruidDataSource:106] maincid - {dataSource-1} inited
2018-12-27 08:29:14.512 [main] INFO  [org.springframework.scheduling.concurrent.ThreadPoolTaskExecutor:171] maincid - Initializing ExecutorService 'applicationTaskExecutor'
2018-12-27 08:29:15.236 [main] INFO  [org.apache.coyote.http11.Http11NioProtocol:173] maincid - Starting ProtocolHandler ["http-nio-8061"]
2018-12-27 08:29:15.244 [main] INFO  [org.apache.tomcat.util.net.NioSelectorPool:173] maincid - Using a shared selector for servlet write/read
2018-12-27 08:29:15.260 [main] INFO  [org.springframework.boot.web.embedded.tomcat.TomcatWebServer:204] maincid - Tomcat started on port(s): 8061 (http) with context path ''
2018-12-27 08:29:15.263 [main] INFO  [com.zhonghua.cotton.CottonApplication:59] maincid - Started CottonApplication in 3.681 seconds (JVM running for 7.002)
2018-12-27 08:31:12.558 [http-nio-8061-exec-1] INFO  [org.apache.catalina.core.ContainerBase.[Tomcat].[localhost].[/]:173] http-nio-8061-exec-1cid - Initializing Spring DispatcherServlet 'dispatcherServlet'
2018-12-27 08:31:12.558 [http-nio-8061-exec-1] INFO  [org.springframework.web.servlet.DispatcherServlet:524] http-nio-8061-exec-1cid - Initializing Servlet 'dispatcherServlet'
2018-12-27 08:31:12.567 [http-nio-8061-exec-1] INFO  [org.springframework.web.servlet.DispatcherServlet:546] http-nio-8061-exec-1cid - Completed initialization in 9 ms
