2018-12-26 16:17:10.567  [http-nio-8061-exec-6] DEBUG [com.zhonghua.cotton.mapper.admin.UserMapper.authUser:] http-nio-8061-exec-6cid - ==>  Preparing: SELECT username ,password ,salt ,create_time ,update_time ,del_flag ,lock_flag ,phone ,avatar ,dept_id FROM sysuser WHERE username = ? AND password = ? AND del_flag = "0" AND lock_flag = "0" 
2018-12-26 16:17:10.712  [http-nio-8061-exec-6] DEBUG [com.zhonghua.cotton.mapper.admin.UserMapper.authUser:] http-nio-8061-exec-6cid - ==> Parameters: admin(String), a759fb1212ff39a9948a0d325d5638d39eb62fa3(String)
2018-12-26 16:17:10.771  [http-nio-8061-exec-6] DEBUG [com.zhonghua.cotton.mapper.admin.UserMapper.authUser:] http-nio-8061-exec-6cid - <==      Total: 1
2018-12-26 16:17:10.814  [http-nio-8061-exec-7] DEBUG [com.zhonghua.cotton.mapper.admin.CottonMapper.selectCottonQuotationPage:] http-nio-8061-exec-7cid - ==>  Preparing: SELECT id, batch_number ,pick ,type ,price ,number ,weight ,gross_weight ,net_weight ,tare_weight ,weight_cer ,quality_cer ,color_level ,length ,strength ,micron_value ,long_integer ,roll_process ,resurgence ,reflectivity ,yellow_index ,impurity ,depository ,process_unit ,supplier ,contacts ,tel ,address ,inspection_date ,create_time ,state FROM CottonQuotation order by create_time LIMIT 0,20 
2018-12-26 16:17:10.817  [http-nio-8061-exec-7] DEBUG [com.zhonghua.cotton.mapper.admin.CottonMapper.selectCottonQuotationPage:] http-nio-8061-exec-7cid - ==> Parameters: 
2018-12-26 16:17:10.829  [http-nio-8061-exec-7] DEBUG [com.zhonghua.cotton.mapper.admin.CottonMapper.selectCottonQuotationPage:] http-nio-8061-exec-7cid - <==      Total: 1
2018-12-26 16:17:10.831  [http-nio-8061-exec-7] DEBUG [com.zhonghua.cotton.mapper.admin.CottonMapper.selectCottonQuotationCount:] http-nio-8061-exec-7cid - ==>  Preparing: SELECT COUNT(id) FROM CottonQuotation 
2018-12-26 16:17:10.834  [http-nio-8061-exec-7] DEBUG [com.zhonghua.cotton.mapper.admin.CottonMapper.selectCottonQuotationCount:] http-nio-8061-exec-7cid - ==> Parameters: 
2018-12-26 16:17:10.837  [http-nio-8061-exec-7] DEBUG [com.zhonghua.cotton.mapper.admin.CottonMapper.selectCottonQuotationCount:] http-nio-8061-exec-7cid - <==      Total: 1
2018-12-26 16:17:17.723  [http-nio-8061-exec-8] DEBUG [com.zhonghua.cotton.mapper.admin.CottonMapper.countQualityByBatchNumber:] http-nio-8061-exec-8cid - ==>  Preparing: SELECT COUNT(*) FROM CottonQuality WHERE batch_number = ? 
2018-12-26 16:17:17.725  [http-nio-8061-exec-8] DEBUG [com.zhonghua.cotton.mapper.admin.CottonMapper.countQualityByBatchNumber:] http-nio-8061-exec-8cid - ==> Parameters: 65489123654(String)
2018-12-26 16:17:17.731  [http-nio-8061-exec-8] DEBUG [com.zhonghua.cotton.mapper.admin.CottonMapper.countQualityByBatchNumber:] http-nio-8061-exec-8cid - <==      Total: 1
2018-12-26 16:17:17.732  [http-nio-8061-exec-8] DEBUG [com.zhonghua.cotton.mapper.admin.CottonMapper.countQuotationByBatchNumber:] http-nio-8061-exec-8cid - ==>  Preparing: SELECT COUNT(*) FROM CottonQuotation WHERE batch_number = ? 
2018-12-26 16:17:17.732  [http-nio-8061-exec-8] DEBUG [com.zhonghua.cotton.mapper.admin.CottonMapper.countQuotationByBatchNumber:] http-nio-8061-exec-8cid - ==> Parameters: 65489123654(String)
2018-12-26 16:17:17.734  [http-nio-8061-exec-8] DEBUG [com.zhonghua.cotton.mapper.admin.CottonMapper.countQuotationByBatchNumber:] http-nio-8061-exec-8cid - <==      Total: 1
2018-12-26 16:17:24.064  [http-nio-8061-exec-9] DEBUG [com.zhonghua.cotton.mapper.admin.CottonMapper.removeQuotation:] http-nio-8061-exec-9cid - ==>  Preparing: DELETE FROM cottonquotation WHERE id IN ( CONVERT(?,SIGNED) ) 
2018-12-26 16:17:24.067  [http-nio-8061-exec-9] DEBUG [com.zhonghua.cotton.mapper.admin.CottonMapper.removeQuotation:] http-nio-8061-exec-9cid - ==> Parameters: 245(String)
2018-12-26 16:17:24.092  [http-nio-8061-exec-9] DEBUG [com.zhonghua.cotton.mapper.admin.CottonMapper.removeQuotation:] http-nio-8061-exec-9cid - <==    Updates: 1
2018-12-26 16:17:24.115  [http-nio-8061-exec-10] DEBUG [com.zhonghua.cotton.mapper.admin.CottonMapper.selectCottonQuotationPage:] http-nio-8061-exec-10cid - ==>  Preparing: SELECT id, batch_number ,pick ,type ,price ,number ,weight ,gross_weight ,net_weight ,tare_weight ,weight_cer ,quality_cer ,color_level ,length ,strength ,micron_value ,long_integer ,roll_process ,resurgence ,reflectivity ,yellow_index ,impurity ,depository ,process_unit ,supplier ,contacts ,tel ,address ,inspection_date ,create_time ,state FROM CottonQuotation order by create_time LIMIT 0,20 
2018-12-26 16:17:24.116  [http-nio-8061-exec-10] DEBUG [com.zhonghua.cotton.mapper.admin.CottonMapper.selectCottonQuotationPage:] http-nio-8061-exec-10cid - ==> Parameters: 
2018-12-26 16:17:24.119  [http-nio-8061-exec-10] DEBUG [com.zhonghua.cotton.mapper.admin.CottonMapper.selectCottonQuotationPage:] http-nio-8061-exec-10cid - <==      Total: 0
2018-12-26 16:17:24.120  [http-nio-8061-exec-10] DEBUG [com.zhonghua.cotton.mapper.admin.CottonMapper.selectCottonQuotationCount:] http-nio-8061-exec-10cid - ==>  Preparing: SELECT COUNT(id) FROM CottonQuotation 
2018-12-26 16:17:24.120  [http-nio-8061-exec-10] DEBUG [com.zhonghua.cotton.mapper.admin.CottonMapper.selectCottonQuotationCount:] http-nio-8061-exec-10cid - ==> Parameters: 
2018-12-26 16:17:24.122  [http-nio-8061-exec-10] DEBUG [com.zhonghua.cotton.mapper.admin.CottonMapper.selectCottonQuotationCount:] http-nio-8061-exec-10cid - <==      Total: 1
2018-12-26 16:17:25.988  [http-nio-8061-exec-10] DEBUG [com.zhonghua.cotton.mapper.admin.CottonMapper.countQualityByBatchNumber:] http-nio-8061-exec-10cid - ==>  Preparing: SELECT COUNT(*) FROM CottonQuality WHERE batch_number = ? 
2018-12-26 16:17:25.989  [http-nio-8061-exec-10] DEBUG [com.zhonghua.cotton.mapper.admin.CottonMapper.countQualityByBatchNumber:] http-nio-8061-exec-10cid - ==> Parameters: 65489123654(String)
2018-12-26 16:17:25.993  [http-nio-8061-exec-10] DEBUG [com.zhonghua.cotton.mapper.admin.CottonMapper.countQualityByBatchNumber:] http-nio-8061-exec-10cid - <==      Total: 1
2018-12-26 16:17:25.994  [http-nio-8061-exec-10] DEBUG [com.zhonghua.cotton.mapper.admin.CottonMapper.countQuotationByBatchNumber:] http-nio-8061-exec-10cid - ==>  Preparing: SELECT COUNT(*) FROM CottonQuotation WHERE batch_number = ? 
2018-12-26 16:17:25.995  [http-nio-8061-exec-10] DEBUG [com.zhonghua.cotton.mapper.admin.CottonMapper.countQuotationByBatchNumber:] http-nio-8061-exec-10cid - ==> Parameters: 65489123654(String)
2018-12-26 16:17:25.999  [http-nio-8061-exec-10] DEBUG [com.zhonghua.cotton.mapper.admin.CottonMapper.countQuotationByBatchNumber:] http-nio-8061-exec-10cid - <==      Total: 1
2018-12-26 16:17:26.020  [http-nio-8061-exec-1] DEBUG [com.zhonghua.cotton.mapper.admin.CottonMapper.avgQualityByBatchNumber:] http-nio-8061-exec-1cid - ==>  Preparing: SELECT batch_number,SUM(weight) weight,SUM(gross_weight) gw, SUM(net_weight) nw,SUM(tare_weight) tw, selectCottonPick(batch_number) pick,selectCottonType(batch_number) type, selectMaxColor(batch_number) cl, selectCountQua(batch_number) num, round(AVG(length),2) len, round(AVG(strength),2) stre, round(AVG(micron_value),2) mv, round(AVG(long_integer),2) li, round(AVG(resurgence),2) res, round(AVG(reflectivity),2) ref, round(AVG(yellow_index),2) yi, round(AVG(impurity),2) imp, selectMaxQua(batch_number) rp FROM cottonquality GROUP BY batch_number HAVING batch_number = ? 
2018-12-26 16:17:26.024  [http-nio-8061-exec-1] DEBUG [com.zhonghua.cotton.mapper.admin.CottonMapper.avgQualityByBatchNumber:] http-nio-8061-exec-1cid - ==> Parameters: 65489123654(String)
2018-12-26 16:17:26.090  [http-nio-8061-exec-1] DEBUG [com.zhonghua.cotton.mapper.admin.CottonMapper.avgQualityByBatchNumber:] http-nio-8061-exec-1cid - <==      Total: 1
2018-12-26 16:17:35.293  [http-nio-8061-exec-9] DEBUG [com.zhonghua.cotton.mapper.admin.CottonMapper.countQuotationByBatchNumber:] http-nio-8061-exec-9cid - ==>  Preparing: SELECT COUNT(*) FROM CottonQuotation WHERE batch_number = ? 
2018-12-26 16:17:35.293  [http-nio-8061-exec-9] DEBUG [com.zhonghua.cotton.mapper.admin.CottonMapper.countQuotationByBatchNumber:] http-nio-8061-exec-9cid - ==> Parameters: 65489123654(String)
2018-12-26 16:17:35.296  [http-nio-8061-exec-9] DEBUG [com.zhonghua.cotton.mapper.admin.CottonMapper.countQuotationByBatchNumber:] http-nio-8061-exec-9cid - <==      Total: 1
2018-12-26 16:17:35.297  [http-nio-8061-exec-9] DEBUG [com.zhonghua.cotton.mapper.admin.CottonMapper.avgQualityByBatchNumber:] http-nio-8061-exec-9cid - ==>  Preparing: SELECT batch_number,SUM(weight) weight,SUM(gross_weight) gw, SUM(net_weight) nw,SUM(tare_weight) tw, selectCottonPick(batch_number) pick,selectCottonType(batch_number) type, selectMaxColor(batch_number) cl, selectCountQua(batch_number) num, round(AVG(length),2) len, round(AVG(strength),2) stre, round(AVG(micron_value),2) mv, round(AVG(long_integer),2) li, round(AVG(resurgence),2) res, round(AVG(reflectivity),2) ref, round(AVG(yellow_index),2) yi, round(AVG(impurity),2) imp, selectMaxQua(batch_number) rp FROM cottonquality GROUP BY batch_number HAVING batch_number = ? 
2018-12-26 16:17:35.298  [http-nio-8061-exec-9] DEBUG [com.zhonghua.cotton.mapper.admin.CottonMapper.avgQualityByBatchNumber:] http-nio-8061-exec-9cid - ==> Parameters: 65489123654(String)
2018-12-26 16:17:35.330  [http-nio-8061-exec-9] DEBUG [com.zhonghua.cotton.mapper.admin.CottonMapper.avgQualityByBatchNumber:] http-nio-8061-exec-9cid - <==      Total: 1
2018-12-26 16:17:35.330  [http-nio-8061-exec-9] DEBUG [com.zhonghua.cotton.mapper.admin.CottonMapper.saveQuotation:] http-nio-8061-exec-9cid - ==>  Preparing: INSERT INTO CottonQuotation ( batch_number ,pick ,type ,price ,number ,weight ,gross_weight ,net_weight ,tare_weight ,weight_cer ,quality_cer ,color_level ,length ,strength ,micron_value ,long_integer ,roll_process ,resurgence ,reflectivity ,yellow_index ,impurity ,depository ,process_unit ,supplier ,contacts ,tel ,address ,inspection_date ,create_time ,state ) VALUES ( ? ,? ,? ,? ,? ,? ,? ,? ,? ,? ,? ,? ,? ,? ,? ,? ,? ,? ,? ,? ,? ,? ,? ,? ,? ,? ,? ,? ,? ,? ) 
2018-12-26 16:17:35.338  [http-nio-8061-exec-9] DEBUG [com.zhonghua.cotton.mapper.admin.CottonMapper.saveQuotation:] http-nio-8061-exec-9cid - ==> Parameters: 65489123654(String), 机采(String), 机采棉(String), 15000(BigDecimal), 25(Integer), 5.650(BigDecimal), 5.700(BigDecimal), 5.650(BigDecimal), 31.750(BigDecimal), 16549845641561(String), 1564156165161651(String), 22(String), 28.36(String), 25.65(String), 4.09(String), 82.65(String), P2(String), 8.62(String), 78.65(String), 8.61(String), 1.39(String), 清远仓(String), 忠华集团(String), 忠华集团(String), 小明(String), 18676319986(String), 清远(String), null, 2018-12-26 16:17:35.33(Timestamp), 0(Integer)
2018-12-26 16:17:35.364  [http-nio-8061-exec-9] DEBUG [com.zhonghua.cotton.mapper.admin.CottonMapper.saveQuotation:] http-nio-8061-exec-9cid - <==    Updates: 1
2018-12-26 16:17:35.382  [http-nio-8061-exec-8] DEBUG [com.zhonghua.cotton.mapper.admin.CottonMapper.selectCottonQuotationPage:] http-nio-8061-exec-8cid - ==>  Preparing: SELECT id, batch_number ,pick ,type ,price ,number ,weight ,gross_weight ,net_weight ,tare_weight ,weight_cer ,quality_cer ,color_level ,length ,strength ,micron_value ,long_integer ,roll_process ,resurgence ,reflectivity ,yellow_index ,impurity ,depository ,process_unit ,supplier ,contacts ,tel ,address ,inspection_date ,create_time ,state FROM CottonQuotation order by create_time LIMIT 0,20 
2018-12-26 16:17:35.383  [http-nio-8061-exec-8] DEBUG [com.zhonghua.cotton.mapper.admin.CottonMapper.selectCottonQuotationPage:] http-nio-8061-exec-8cid - ==> Parameters: 
2018-12-26 16:17:35.390  [http-nio-8061-exec-8] DEBUG [com.zhonghua.cotton.mapper.admin.CottonMapper.selectCottonQuotationPage:] http-nio-8061-exec-8cid - <==      Total: 1
2018-12-26 16:17:35.391  [http-nio-8061-exec-8] DEBUG [com.zhonghua.cotton.mapper.admin.CottonMapper.selectCottonQuotationCount:] http-nio-8061-exec-8cid - ==>  Preparing: SELECT COUNT(id) FROM CottonQuotation 
2018-12-26 16:17:35.392  [http-nio-8061-exec-8] DEBUG [com.zhonghua.cotton.mapper.admin.CottonMapper.selectCottonQuotationCount:] http-nio-8061-exec-8cid - ==> Parameters: 
2018-12-26 16:17:35.394  [http-nio-8061-exec-8] DEBUG [com.zhonghua.cotton.mapper.admin.CottonMapper.selectCottonQuotationCount:] http-nio-8061-exec-8cid - <==      Total: 1
2018-12-26 16:17:44.141  [http-nio-8061-exec-5] DEBUG [com.zhonghua.cotton.mapper.admin.CottonMapper.getQuotation:] http-nio-8061-exec-5cid - ==>  Preparing: SELECT batch_number ,pick ,type ,price ,number ,weight ,gross_weight ,net_weight ,tare_weight ,weight_cer ,quality_cer ,color_level ,length ,strength ,micron_value ,long_integer ,roll_process ,resurgence ,reflectivity ,yellow_index ,impurity ,depository ,process_unit ,supplier ,contacts ,tel ,address ,inspection_date ,create_time ,state FROM CottonQuotation WHERE batch_number = ? 
2018-12-26 16:17:44.142  [http-nio-8061-exec-5] DEBUG [com.zhonghua.cotton.mapper.admin.CottonMapper.getQuotation:] http-nio-8061-exec-5cid - ==> Parameters: 246(String)
2018-12-26 16:17:44.147  [http-nio-8061-exec-5] DEBUG [com.zhonghua.cotton.mapper.admin.CottonMapper.getQuotation:] http-nio-8061-exec-5cid - <==      Total: 0
2018-12-26 16:19:14.280  [http-nio-8061-exec-4] DEBUG [com.zhonghua.cotton.mapper.admin.UserMapper.authUser:] http-nio-8061-exec-4cid - ==>  Preparing: SELECT username ,password ,salt ,create_time ,update_time ,del_flag ,lock_flag ,phone ,avatar ,dept_id FROM sysuser WHERE username = ? AND password = ? AND del_flag = "0" AND lock_flag = "0" 
2018-12-26 16:19:14.341  [http-nio-8061-exec-4] DEBUG [com.zhonghua.cotton.mapper.admin.UserMapper.authUser:] http-nio-8061-exec-4cid - ==> Parameters: admin(String), a759fb1212ff39a9948a0d325d5638d39eb62fa3(String)
2018-12-26 16:19:14.366  [http-nio-8061-exec-4] DEBUG [com.zhonghua.cotton.mapper.admin.UserMapper.authUser:] http-nio-8061-exec-4cid - <==      Total: 1
2018-12-26 16:19:14.391  [http-nio-8061-exec-5] DEBUG [com.zhonghua.cotton.mapper.admin.CottonMapper.selectCottonQuotationPage:] http-nio-8061-exec-5cid - ==>  Preparing: SELECT id, batch_number ,pick ,type ,price ,number ,weight ,gross_weight ,net_weight ,tare_weight ,weight_cer ,quality_cer ,color_level ,length ,strength ,micron_value ,long_integer ,roll_process ,resurgence ,reflectivity ,yellow_index ,impurity ,depository ,process_unit ,supplier ,contacts ,tel ,address ,inspection_date ,create_time ,state FROM CottonQuotation order by create_time LIMIT 0,20 
2018-12-26 16:19:14.393  [http-nio-8061-exec-5] DEBUG [com.zhonghua.cotton.mapper.admin.CottonMapper.selectCottonQuotationPage:] http-nio-8061-exec-5cid - ==> Parameters: 
2018-12-26 16:19:14.397  [http-nio-8061-exec-5] DEBUG [com.zhonghua.cotton.mapper.admin.CottonMapper.selectCottonQuotationPage:] http-nio-8061-exec-5cid - <==      Total: 1
2018-12-26 16:19:14.398  [http-nio-8061-exec-5] DEBUG [com.zhonghua.cotton.mapper.admin.CottonMapper.selectCottonQuotationCount:] http-nio-8061-exec-5cid - ==>  Preparing: SELECT COUNT(id) FROM CottonQuotation 
2018-12-26 16:19:14.401  [http-nio-8061-exec-5] DEBUG [com.zhonghua.cotton.mapper.admin.CottonMapper.selectCottonQuotationCount:] http-nio-8061-exec-5cid - ==> Parameters: 
2018-12-26 16:19:14.402  [http-nio-8061-exec-5] DEBUG [com.zhonghua.cotton.mapper.admin.CottonMapper.selectCottonQuotationCount:] http-nio-8061-exec-5cid - <==      Total: 1
2018-12-26 16:19:18.444  [http-nio-8061-exec-3] DEBUG [com.zhonghua.cotton.mapper.admin.CottonMapper.getQuotation:] http-nio-8061-exec-3cid - ==>  Preparing: SELECT batch_number ,pick ,type ,price ,number ,weight ,gross_weight ,net_weight ,tare_weight ,weight_cer ,quality_cer ,color_level ,length ,strength ,micron_value ,long_integer ,roll_process ,resurgence ,reflectivity ,yellow_index ,impurity ,depository ,process_unit ,supplier ,contacts ,tel ,address ,inspection_date ,create_time ,state FROM CottonQuotation WHERE batch_number = ? 
2018-12-26 16:19:18.445  [http-nio-8061-exec-3] DEBUG [com.zhonghua.cotton.mapper.admin.CottonMapper.getQuotation:] http-nio-8061-exec-3cid - ==> Parameters: 246(String)
2018-12-26 16:19:18.455  [http-nio-8061-exec-3] DEBUG [com.zhonghua.cotton.mapper.admin.CottonMapper.getQuotation:] http-nio-8061-exec-3cid - <==      Total: 0
2018-12-26 16:20:05.957  [http-nio-8061-exec-2] DEBUG [com.zhonghua.cotton.mapper.admin.CottonMapper.removeQuotation:] http-nio-8061-exec-2cid - ==>  Preparing: DELETE FROM cottonquotation WHERE id IN ( CONVERT(?,SIGNED) ) 
2018-12-26 16:20:05.959  [http-nio-8061-exec-2] DEBUG [com.zhonghua.cotton.mapper.admin.CottonMapper.removeQuotation:] http-nio-8061-exec-2cid - ==> Parameters: 246(String)
2018-12-26 16:20:05.968  [http-nio-8061-exec-2] DEBUG [com.zhonghua.cotton.mapper.admin.CottonMapper.removeQuotation:] http-nio-8061-exec-2cid - <==    Updates: 1
2018-12-26 16:20:05.988  [http-nio-8061-exec-3] DEBUG [com.zhonghua.cotton.mapper.admin.CottonMapper.selectCottonQuotationPage:] http-nio-8061-exec-3cid - ==>  Preparing: SELECT id, batch_number ,pick ,type ,price ,number ,weight ,gross_weight ,net_weight ,tare_weight ,weight_cer ,quality_cer ,color_level ,length ,strength ,micron_value ,long_integer ,roll_process ,resurgence ,reflectivity ,yellow_index ,impurity ,depository ,process_unit ,supplier ,contacts ,tel ,address ,inspection_date ,create_time ,state FROM CottonQuotation order by create_time LIMIT 0,20 
2018-12-26 16:20:05.988  [http-nio-8061-exec-3] DEBUG [com.zhonghua.cotton.mapper.admin.CottonMapper.selectCottonQuotationPage:] http-nio-8061-exec-3cid - ==> Parameters: 
2018-12-26 16:20:05.990  [http-nio-8061-exec-3] DEBUG [com.zhonghua.cotton.mapper.admin.CottonMapper.selectCottonQuotationPage:] http-nio-8061-exec-3cid - <==      Total: 0
2018-12-26 16:20:05.990  [http-nio-8061-exec-3] DEBUG [com.zhonghua.cotton.mapper.admin.CottonMapper.selectCottonQuotationCount:] http-nio-8061-exec-3cid - ==>  Preparing: SELECT COUNT(id) FROM CottonQuotation 
2018-12-26 16:20:05.991  [http-nio-8061-exec-3] DEBUG [com.zhonghua.cotton.mapper.admin.CottonMapper.selectCottonQuotationCount:] http-nio-8061-exec-3cid - ==> Parameters: 
2018-12-26 16:20:05.992  [http-nio-8061-exec-3] DEBUG [com.zhonghua.cotton.mapper.admin.CottonMapper.selectCottonQuotationCount:] http-nio-8061-exec-3cid - <==      Total: 1
2018-12-26 16:20:07.522  [http-nio-8061-exec-9] DEBUG [com.zhonghua.cotton.mapper.admin.CottonMapper.countQualityByBatchNumber:] http-nio-8061-exec-9cid - ==>  Preparing: SELECT COUNT(*) FROM CottonQuality WHERE batch_number = ? 
2018-12-26 16:20:07.524  [http-nio-8061-exec-9] DEBUG [com.zhonghua.cotton.mapper.admin.CottonMapper.countQualityByBatchNumber:] http-nio-8061-exec-9cid - ==> Parameters: 65489123654(String)
2018-12-26 16:20:07.533  [http-nio-8061-exec-9] DEBUG [com.zhonghua.cotton.mapper.admin.CottonMapper.countQualityByBatchNumber:] http-nio-8061-exec-9cid - <==      Total: 1
2018-12-26 16:20:07.535  [http-nio-8061-exec-9] DEBUG [com.zhonghua.cotton.mapper.admin.CottonMapper.countQuotationByBatchNumber:] http-nio-8061-exec-9cid - ==>  Preparing: SELECT COUNT(*) FROM CottonQuotation WHERE batch_number = ? 
2018-12-26 16:20:07.536  [http-nio-8061-exec-9] DEBUG [com.zhonghua.cotton.mapper.admin.CottonMapper.countQuotationByBatchNumber:] http-nio-8061-exec-9cid - ==> Parameters: 65489123654(String)
2018-12-26 16:20:07.541  [http-nio-8061-exec-9] DEBUG [com.zhonghua.cotton.mapper.admin.CottonMapper.countQuotationByBatchNumber:] http-nio-8061-exec-9cid - <==      Total: 1
2018-12-26 16:20:07.558  [http-nio-8061-exec-10] DEBUG [com.zhonghua.cotton.mapper.admin.CottonMapper.avgQualityByBatchNumber:] http-nio-8061-exec-10cid - ==>  Preparing: SELECT batch_number,SUM(weight) weight,SUM(gross_weight) gw, SUM(net_weight) nw,SUM(tare_weight) tw, selectCottonPick(batch_number) pick,selectCottonType(batch_number) type, selectMaxColor(batch_number) cl, selectCountQua(batch_number) num, round(AVG(length),2) len, round(AVG(strength),2) stre, round(AVG(micron_value),2) mv, round(AVG(long_integer),2) li, round(AVG(resurgence),2) res, round(AVG(reflectivity),2) ref, round(AVG(yellow_index),2) yi, round(AVG(impurity),2) imp, selectMaxQua(batch_number) rp FROM cottonquality GROUP BY batch_number HAVING batch_number = ? 
2018-12-26 16:20:07.561  [http-nio-8061-exec-10] DEBUG [com.zhonghua.cotton.mapper.admin.CottonMapper.avgQualityByBatchNumber:] http-nio-8061-exec-10cid - ==> Parameters: 65489123654(String)
2018-12-26 16:20:07.600  [http-nio-8061-exec-10] DEBUG [com.zhonghua.cotton.mapper.admin.CottonMapper.avgQualityByBatchNumber:] http-nio-8061-exec-10cid - <==      Total: 1
2018-12-26 16:20:16.277  [http-nio-8061-exec-4] DEBUG [com.zhonghua.cotton.mapper.admin.CottonMapper.countQuotationByBatchNumber:] http-nio-8061-exec-4cid - ==>  Preparing: SELECT COUNT(*) FROM CottonQuotation WHERE batch_number = ? 
2018-12-26 16:20:16.278  [http-nio-8061-exec-4] DEBUG [com.zhonghua.cotton.mapper.admin.CottonMapper.countQuotationByBatchNumber:] http-nio-8061-exec-4cid - ==> Parameters: 65489123654(String)
2018-12-26 16:20:16.282  [http-nio-8061-exec-4] DEBUG [com.zhonghua.cotton.mapper.admin.CottonMapper.countQuotationByBatchNumber:] http-nio-8061-exec-4cid - <==      Total: 1
2018-12-26 16:20:16.282  [http-nio-8061-exec-4] DEBUG [com.zhonghua.cotton.mapper.admin.CottonMapper.avgQualityByBatchNumber:] http-nio-8061-exec-4cid - ==>  Preparing: SELECT batch_number,SUM(weight) weight,SUM(gross_weight) gw, SUM(net_weight) nw,SUM(tare_weight) tw, selectCottonPick(batch_number) pick,selectCottonType(batch_number) type, selectMaxColor(batch_number) cl, selectCountQua(batch_number) num, round(AVG(length),2) len, round(AVG(strength),2) stre, round(AVG(micron_value),2) mv, round(AVG(long_integer),2) li, round(AVG(resurgence),2) res, round(AVG(reflectivity),2) ref, round(AVG(yellow_index),2) yi, round(AVG(impurity),2) imp, selectMaxQua(batch_number) rp FROM cottonquality GROUP BY batch_number HAVING batch_number = ? 
2018-12-26 16:20:16.284  [http-nio-8061-exec-4] DEBUG [com.zhonghua.cotton.mapper.admin.CottonMapper.avgQualityByBatchNumber:] http-nio-8061-exec-4cid - ==> Parameters: 65489123654(String)
2018-12-26 16:20:16.314  [http-nio-8061-exec-4] DEBUG [com.zhonghua.cotton.mapper.admin.CottonMapper.avgQualityByBatchNumber:] http-nio-8061-exec-4cid - <==      Total: 1
2018-12-26 16:20:16.315  [http-nio-8061-exec-4] DEBUG [com.zhonghua.cotton.mapper.admin.CottonMapper.saveQuotation:] http-nio-8061-exec-4cid - ==>  Preparing: INSERT INTO CottonQuotation ( batch_number ,pick ,type ,price ,number ,weight ,gross_weight ,net_weight ,tare_weight ,weight_cer ,quality_cer ,color_level ,length ,strength ,micron_value ,long_integer ,roll_process ,resurgence ,reflectivity ,yellow_index ,impurity ,depository ,process_unit ,supplier ,contacts ,tel ,address ,inspection_date ,create_time ,state ) VALUES ( ? ,? ,? ,? ,? ,? ,? ,? ,? ,? ,? ,? ,? ,? ,? ,? ,? ,? ,? ,? ,? ,? ,? ,? ,? ,? ,? ,? ,? ,? ) 
2018-12-26 16:20:16.321  [http-nio-8061-exec-4] DEBUG [com.zhonghua.cotton.mapper.admin.CottonMapper.saveQuotation:] http-nio-8061-exec-4cid - ==> Parameters: 65489123654(String), 机采(String), 机采棉(String), 15000(BigDecimal), 25(Integer), 5.650(BigDecimal), 5.700(BigDecimal), 5.650(BigDecimal), 31.750(BigDecimal), 16549845641561(String), 1564156165161651(String), 22(String), 28.36(String), 25.65(String), 4.09(String), 82.65(String), P2(String), 8.62(String), 78.65(String), 8.61(String), 1.39(String), 清远仓(String), 忠华集团(String), 忠华集团(String), 小明(String), 18676319986(String), 清远(String), null, 2018-12-26 16:20:16.314(Timestamp), 0(Integer)
2018-12-26 16:20:16.326  [http-nio-8061-exec-4] DEBUG [com.zhonghua.cotton.mapper.admin.CottonMapper.saveQuotation:] http-nio-8061-exec-4cid - <==    Updates: 1
2018-12-26 16:20:16.344  [http-nio-8061-exec-6] DEBUG [com.zhonghua.cotton.mapper.admin.CottonMapper.selectCottonQuotationPage:] http-nio-8061-exec-6cid - ==>  Preparing: SELECT id, batch_number ,pick ,type ,price ,number ,weight ,gross_weight ,net_weight ,tare_weight ,weight_cer ,quality_cer ,color_level ,length ,strength ,micron_value ,long_integer ,roll_process ,resurgence ,reflectivity ,yellow_index ,impurity ,depository ,process_unit ,supplier ,contacts ,tel ,address ,inspection_date ,create_time ,state FROM CottonQuotation order by create_time LIMIT 0,20 
2018-12-26 16:20:16.345  [http-nio-8061-exec-6] DEBUG [com.zhonghua.cotton.mapper.admin.CottonMapper.selectCottonQuotationPage:] http-nio-8061-exec-6cid - ==> Parameters: 
2018-12-26 16:20:16.348  [http-nio-8061-exec-6] DEBUG [com.zhonghua.cotton.mapper.admin.CottonMapper.selectCottonQuotationPage:] http-nio-8061-exec-6cid - <==      Total: 1
2018-12-26 16:20:16.349  [http-nio-8061-exec-6] DEBUG [com.zhonghua.cotton.mapper.admin.CottonMapper.selectCottonQuotationCount:] http-nio-8061-exec-6cid - ==>  Preparing: SELECT COUNT(id) FROM CottonQuotation 
2018-12-26 16:20:16.349  [http-nio-8061-exec-6] DEBUG [com.zhonghua.cotton.mapper.admin.CottonMapper.selectCottonQuotationCount:] http-nio-8061-exec-6cid - ==> Parameters: 
2018-12-26 16:20:16.354  [http-nio-8061-exec-6] DEBUG [com.zhonghua.cotton.mapper.admin.CottonMapper.selectCottonQuotationCount:] http-nio-8061-exec-6cid - <==      Total: 1
2018-12-26 16:20:22.872  [http-nio-8061-exec-10] DEBUG [com.zhonghua.cotton.mapper.admin.CottonMapper.getQuotation:] http-nio-8061-exec-10cid - ==>  Preparing: SELECT batch_number ,pick ,type ,price ,number ,weight ,gross_weight ,net_weight ,tare_weight ,weight_cer ,quality_cer ,color_level ,length ,strength ,micron_value ,long_integer ,roll_process ,resurgence ,reflectivity ,yellow_index ,impurity ,depository ,process_unit ,supplier ,contacts ,tel ,address ,inspection_date ,create_time ,state FROM CottonQuotation WHERE batch_number = ? 
2018-12-26 16:20:22.874  [http-nio-8061-exec-10] DEBUG [com.zhonghua.cotton.mapper.admin.CottonMapper.getQuotation:] http-nio-8061-exec-10cid - ==> Parameters: 247(String)
2018-12-26 16:20:22.877  [http-nio-8061-exec-10] DEBUG [com.zhonghua.cotton.mapper.admin.CottonMapper.getQuotation:] http-nio-8061-exec-10cid - <==      Total: 0
2018-12-26 16:21:26.977  [http-nio-8061-exec-6] DEBUG [com.zhonghua.cotton.mapper.admin.UserMapper.authUser:] http-nio-8061-exec-6cid - ==>  Preparing: SELECT username ,password ,salt ,create_time ,update_time ,del_flag ,lock_flag ,phone ,avatar ,dept_id FROM sysuser WHERE username = ? AND password = ? AND del_flag = "0" AND lock_flag = "0" 
2018-12-26 16:21:27.038  [http-nio-8061-exec-6] DEBUG [com.zhonghua.cotton.mapper.admin.UserMapper.authUser:] http-nio-8061-exec-6cid - ==> Parameters: admin(String), a759fb1212ff39a9948a0d325d5638d39eb62fa3(String)
2018-12-26 16:21:27.063  [http-nio-8061-exec-6] DEBUG [com.zhonghua.cotton.mapper.admin.UserMapper.authUser:] http-nio-8061-exec-6cid - <==      Total: 1
2018-12-26 16:21:27.091  [http-nio-8061-exec-7] DEBUG [com.zhonghua.cotton.mapper.admin.CottonMapper.selectCottonQuotationPage:] http-nio-8061-exec-7cid - ==>  Preparing: SELECT id, batch_number ,pick ,type ,price ,number ,weight ,gross_weight ,net_weight ,tare_weight ,weight_cer ,quality_cer ,color_level ,length ,strength ,micron_value ,long_integer ,roll_process ,resurgence ,reflectivity ,yellow_index ,impurity ,depository ,process_unit ,supplier ,contacts ,tel ,address ,inspection_date ,create_time ,state FROM CottonQuotation order by create_time LIMIT 0,20 
2018-12-26 16:21:27.094  [http-nio-8061-exec-7] DEBUG [com.zhonghua.cotton.mapper.admin.CottonMapper.selectCottonQuotationPage:] http-nio-8061-exec-7cid - ==> Parameters: 
2018-12-26 16:21:27.099  [http-nio-8061-exec-7] DEBUG [com.zhonghua.cotton.mapper.admin.CottonMapper.selectCottonQuotationPage:] http-nio-8061-exec-7cid - <==      Total: 1
2018-12-26 16:21:27.100  [http-nio-8061-exec-7] DEBUG [com.zhonghua.cotton.mapper.admin.CottonMapper.selectCottonQuotationCount:] http-nio-8061-exec-7cid - ==>  Preparing: SELECT COUNT(id) FROM CottonQuotation 
2018-12-26 16:21:27.102  [http-nio-8061-exec-7] DEBUG [com.zhonghua.cotton.mapper.admin.CottonMapper.selectCottonQuotationCount:] http-nio-8061-exec-7cid - ==> Parameters: 
2018-12-26 16:21:27.104  [http-nio-8061-exec-7] DEBUG [com.zhonghua.cotton.mapper.admin.CottonMapper.selectCottonQuotationCount:] http-nio-8061-exec-7cid - <==      Total: 1
2018-12-26 16:21:30.423  [http-nio-8061-exec-1] DEBUG [com.zhonghua.cotton.mapper.admin.CottonMapper.avgQualityByBatchNumber:] http-nio-8061-exec-1cid - ==>  Preparing: SELECT batch_number,SUM(weight) weight,SUM(gross_weight) gw, SUM(net_weight) nw,SUM(tare_weight) tw, selectCottonPick(batch_number) pick,selectCottonType(batch_number) type, selectMaxColor(batch_number) cl, selectCountQua(batch_number) num, round(AVG(length),2) len, round(AVG(strength),2) stre, round(AVG(micron_value),2) mv, round(AVG(long_integer),2) li, round(AVG(resurgence),2) res, round(AVG(reflectivity),2) ref, round(AVG(yellow_index),2) yi, round(AVG(impurity),2) imp, selectMaxQua(batch_number) rp FROM cottonquality GROUP BY batch_number HAVING batch_number = ? 
2018-12-26 16:21:30.430  [http-nio-8061-exec-1] DEBUG [com.zhonghua.cotton.mapper.admin.CottonMapper.avgQualityByBatchNumber:] http-nio-8061-exec-1cid - ==> Parameters: 247(String)
2018-12-26 16:21:30.467  [http-nio-8061-exec-1] DEBUG [com.zhonghua.cotton.mapper.admin.CottonMapper.avgQualityByBatchNumber:] http-nio-8061-exec-1cid - <==      Total: 0
2018-12-26 16:21:30.469  [http-nio-8061-exec-1] DEBUG [com.zhonghua.cotton.mapper.admin.CottonMapper.getQuotation:] http-nio-8061-exec-1cid - ==>  Preparing: SELECT batch_number ,pick ,type ,price ,number ,weight ,gross_weight ,net_weight ,tare_weight ,weight_cer ,quality_cer ,color_level ,length ,strength ,micron_value ,long_integer ,roll_process ,resurgence ,reflectivity ,yellow_index ,impurity ,depository ,process_unit ,supplier ,contacts ,tel ,address ,inspection_date ,create_time ,state FROM CottonQuotation WHERE batch_number = ? 
2018-12-26 16:21:30.469  [http-nio-8061-exec-1] DEBUG [com.zhonghua.cotton.mapper.admin.CottonMapper.getQuotation:] http-nio-8061-exec-1cid - ==> Parameters: 247(String)
2018-12-26 16:21:30.471  [http-nio-8061-exec-1] DEBUG [com.zhonghua.cotton.mapper.admin.CottonMapper.getQuotation:] http-nio-8061-exec-1cid - <==      Total: 0
2018-12-26 16:22:23.597  [http-nio-8061-exec-5] DEBUG [com.zhonghua.cotton.mapper.admin.UserMapper.authUser:] http-nio-8061-exec-5cid - ==>  Preparing: SELECT username ,password ,salt ,create_time ,update_time ,del_flag ,lock_flag ,phone ,avatar ,dept_id FROM sysuser WHERE username = ? AND password = ? AND del_flag = "0" AND lock_flag = "0" 
2018-12-26 16:22:23.656  [http-nio-8061-exec-5] DEBUG [com.zhonghua.cotton.mapper.admin.UserMapper.authUser:] http-nio-8061-exec-5cid - ==> Parameters: admin(String), a759fb1212ff39a9948a0d325d5638d39eb62fa3(String)
2018-12-26 16:22:23.679  [http-nio-8061-exec-5] DEBUG [com.zhonghua.cotton.mapper.admin.UserMapper.authUser:] http-nio-8061-exec-5cid - <==      Total: 1
2018-12-26 16:22:23.707  [http-nio-8061-exec-4] DEBUG [com.zhonghua.cotton.mapper.admin.CottonMapper.selectCottonQuotationPage:] http-nio-8061-exec-4cid - ==>  Preparing: SELECT id, batch_number ,pick ,type ,price ,number ,weight ,gross_weight ,net_weight ,tare_weight ,weight_cer ,quality_cer ,color_level ,length ,strength ,micron_value ,long_integer ,roll_process ,resurgence ,reflectivity ,yellow_index ,impurity ,depository ,process_unit ,supplier ,contacts ,tel ,address ,inspection_date ,create_time ,state FROM CottonQuotation order by create_time LIMIT 0,20 
2018-12-26 16:22:23.709  [http-nio-8061-exec-4] DEBUG [com.zhonghua.cotton.mapper.admin.CottonMapper.selectCottonQuotationPage:] http-nio-8061-exec-4cid - ==> Parameters: 
2018-12-26 16:22:23.714  [http-nio-8061-exec-4] DEBUG [com.zhonghua.cotton.mapper.admin.CottonMapper.selectCottonQuotationPage:] http-nio-8061-exec-4cid - <==      Total: 1
2018-12-26 16:22:23.715  [http-nio-8061-exec-4] DEBUG [com.zhonghua.cotton.mapper.admin.CottonMapper.selectCottonQuotationCount:] http-nio-8061-exec-4cid - ==>  Preparing: SELECT COUNT(id) FROM CottonQuotation 
2018-12-26 16:22:23.717  [http-nio-8061-exec-4] DEBUG [com.zhonghua.cotton.mapper.admin.CottonMapper.selectCottonQuotationCount:] http-nio-8061-exec-4cid - ==> Parameters: 
2018-12-26 16:22:23.719  [http-nio-8061-exec-4] DEBUG [com.zhonghua.cotton.mapper.admin.CottonMapper.selectCottonQuotationCount:] http-nio-8061-exec-4cid - <==      Total: 1
2018-12-26 16:22:27.880  [http-nio-8061-exec-7] DEBUG [com.zhonghua.cotton.mapper.admin.CottonMapper.avgQualityByBatchNumber:] http-nio-8061-exec-7cid - ==>  Preparing: SELECT batch_number,SUM(weight) weight,SUM(gross_weight) gw, SUM(net_weight) nw,SUM(tare_weight) tw, selectCottonPick(batch_number) pick,selectCottonType(batch_number) type, selectMaxColor(batch_number) cl, selectCountQua(batch_number) num, round(AVG(length),2) len, round(AVG(strength),2) stre, round(AVG(micron_value),2) mv, round(AVG(long_integer),2) li, round(AVG(resurgence),2) res, round(AVG(reflectivity),2) ref, round(AVG(yellow_index),2) yi, round(AVG(impurity),2) imp, selectMaxQua(batch_number) rp FROM cottonquality GROUP BY batch_number HAVING batch_number = ? 
2018-12-26 16:22:27.886  [http-nio-8061-exec-7] DEBUG [com.zhonghua.cotton.mapper.admin.CottonMapper.avgQualityByBatchNumber:] http-nio-8061-exec-7cid - ==> Parameters: 247(String)
2018-12-26 16:22:27.922  [http-nio-8061-exec-7] DEBUG [com.zhonghua.cotton.mapper.admin.CottonMapper.avgQualityByBatchNumber:] http-nio-8061-exec-7cid - <==      Total: 0
2018-12-26 16:22:27.923  [http-nio-8061-exec-7] DEBUG [com.zhonghua.cotton.mapper.admin.CottonMapper.getQuotation:] http-nio-8061-exec-7cid - ==>  Preparing: SELECT batch_number ,pick ,type ,price ,number ,weight ,gross_weight ,net_weight ,tare_weight ,weight_cer ,quality_cer ,color_level ,length ,strength ,micron_value ,long_integer ,roll_process ,resurgence ,reflectivity ,yellow_index ,impurity ,depository ,process_unit ,supplier ,contacts ,tel ,address ,inspection_date ,create_time ,state FROM CottonQuotation WHERE batch_number = ? 
2018-12-26 16:22:27.923  [http-nio-8061-exec-7] DEBUG [com.zhonghua.cotton.mapper.admin.CottonMapper.getQuotation:] http-nio-8061-exec-7cid - ==> Parameters: 247(String)
2018-12-26 16:22:27.925  [http-nio-8061-exec-7] DEBUG [com.zhonghua.cotton.mapper.admin.CottonMapper.getQuotation:] http-nio-8061-exec-7cid - <==      Total: 0
2018-12-26 16:30:45.820  [http-nio-8061-exec-4] DEBUG [com.zhonghua.cotton.mapper.admin.UserMapper.authUser:] http-nio-8061-exec-4cid - ==>  Preparing: SELECT username ,password ,salt ,create_time ,update_time ,del_flag ,lock_flag ,phone ,avatar ,dept_id FROM sysuser WHERE username = ? AND password = ? AND del_flag = "0" AND lock_flag = "0" 
2018-12-26 16:30:45.881  [http-nio-8061-exec-4] DEBUG [com.zhonghua.cotton.mapper.admin.UserMapper.authUser:] http-nio-8061-exec-4cid - ==> Parameters: admin(String), a759fb1212ff39a9948a0d325d5638d39eb62fa3(String)
2018-12-26 16:30:45.905  [http-nio-8061-exec-4] DEBUG [com.zhonghua.cotton.mapper.admin.UserMapper.authUser:] http-nio-8061-exec-4cid - <==      Total: 1
2018-12-26 16:30:45.932  [http-nio-8061-exec-7] DEBUG [com.zhonghua.cotton.mapper.admin.CottonMapper.selectCottonQuotationPage:] http-nio-8061-exec-7cid - ==>  Preparing: SELECT id, batch_number ,pick ,type ,price ,number ,weight ,gross_weight ,net_weight ,tare_weight ,weight_cer ,quality_cer ,color_level ,length ,strength ,micron_value ,long_integer ,roll_process ,resurgence ,reflectivity ,yellow_index ,impurity ,depository ,process_unit ,supplier ,contacts ,tel ,address ,inspection_date ,create_time ,state FROM CottonQuotation order by create_time LIMIT 0,20 
2018-12-26 16:30:45.934  [http-nio-8061-exec-7] DEBUG [com.zhonghua.cotton.mapper.admin.CottonMapper.selectCottonQuotationPage:] http-nio-8061-exec-7cid - ==> Parameters: 
2018-12-26 16:30:45.939  [http-nio-8061-exec-7] DEBUG [com.zhonghua.cotton.mapper.admin.CottonMapper.selectCottonQuotationPage:] http-nio-8061-exec-7cid - <==      Total: 1
2018-12-26 16:30:45.940  [http-nio-8061-exec-7] DEBUG [com.zhonghua.cotton.mapper.admin.CottonMapper.selectCottonQuotationCount:] http-nio-8061-exec-7cid - ==>  Preparing: SELECT COUNT(id) FROM CottonQuotation 
2018-12-26 16:30:45.942  [http-nio-8061-exec-7] DEBUG [com.zhonghua.cotton.mapper.admin.CottonMapper.selectCottonQuotationCount:] http-nio-8061-exec-7cid - ==> Parameters: 
2018-12-26 16:30:45.944  [http-nio-8061-exec-7] DEBUG [com.zhonghua.cotton.mapper.admin.CottonMapper.selectCottonQuotationCount:] http-nio-8061-exec-7cid - <==      Total: 1
2018-12-26 16:30:49.803  [http-nio-8061-exec-1] DEBUG [com.zhonghua.cotton.mapper.admin.CottonMapper.findQuotationById:] http-nio-8061-exec-1cid - ==>  Preparing: SELECT batch_number ,pick ,type ,price ,number ,weight ,gross_weight ,net_weight ,tare_weight ,weight_cer ,quality_cer ,color_level ,length ,strength ,micron_value ,long_integer ,roll_process ,resurgence ,reflectivity ,yellow_index ,impurity ,depository ,process_unit ,supplier ,contacts ,tel ,address ,inspection_date ,create_time ,state FROM CottonQuotation WHERE id = ? 
2018-12-26 16:30:49.805  [http-nio-8061-exec-1] DEBUG [com.zhonghua.cotton.mapper.admin.CottonMapper.findQuotationById:] http-nio-8061-exec-1cid - ==> Parameters: 247(Integer)
2018-12-26 16:30:49.809  [http-nio-8061-exec-1] DEBUG [com.zhonghua.cotton.mapper.admin.CottonMapper.findQuotationById:] http-nio-8061-exec-1cid - <==      Total: 1
2018-12-26 16:30:49.811  [http-nio-8061-exec-1] DEBUG [com.zhonghua.cotton.mapper.admin.CottonMapper.avgQualityByBatchNumber:] http-nio-8061-exec-1cid - ==>  Preparing: SELECT batch_number,SUM(weight) weight,SUM(gross_weight) gw, SUM(net_weight) nw,SUM(tare_weight) tw, selectCottonPick(batch_number) pick,selectCottonType(batch_number) type, selectMaxColor(batch_number) cl, selectCountQua(batch_number) num, round(AVG(length),2) len, round(AVG(strength),2) stre, round(AVG(micron_value),2) mv, round(AVG(long_integer),2) li, round(AVG(resurgence),2) res, round(AVG(reflectivity),2) ref, round(AVG(yellow_index),2) yi, round(AVG(impurity),2) imp, selectMaxQua(batch_number) rp FROM cottonquality GROUP BY batch_number HAVING batch_number = ? 
2018-12-26 16:30:49.817  [http-nio-8061-exec-1] DEBUG [com.zhonghua.cotton.mapper.admin.CottonMapper.avgQualityByBatchNumber:] http-nio-8061-exec-1cid - ==> Parameters: 65489123654(String)
2018-12-26 16:30:49.857  [http-nio-8061-exec-1] DEBUG [com.zhonghua.cotton.mapper.admin.CottonMapper.avgQualityByBatchNumber:] http-nio-8061-exec-1cid - <==      Total: 1
2018-12-26 16:32:11.886  [http-nio-8061-exec-10] DEBUG [com.zhonghua.cotton.mapper.admin.CottonMapper.updateQuotation:] http-nio-8061-exec-10cid - ==>  Preparing: UPDATE CottonQuotation SET price = ?, weight_cer = ?, quality_cer = ?, depository = ?, process_unit = ?, supplier = ?, contacts = ?, tel = ?, address = ? WHERE batch_number = ? 
2018-12-26 16:32:11.894  [http-nio-8061-exec-10] DEBUG [com.zhonghua.cotton.mapper.admin.CottonMapper.updateQuotation:] http-nio-8061-exec-10cid - ==> Parameters: 15000(BigDecimal), 16549845641561(String), 1564156165161651(String), 清远仓1(String), 忠华集团(String), 忠华集团(String), 小明(String), 18676319986(String), 清远(String), 65489123654(String)
2018-12-26 16:32:11.905  [http-nio-8061-exec-10] DEBUG [com.zhonghua.cotton.mapper.admin.CottonMapper.updateQuotation:] http-nio-8061-exec-10cid - <==    Updates: 1
2018-12-26 16:32:11.935  [http-nio-8061-exec-1] DEBUG [com.zhonghua.cotton.mapper.admin.CottonMapper.selectCottonQuotationPage:] http-nio-8061-exec-1cid - ==>  Preparing: SELECT id, batch_number ,pick ,type ,price ,number ,weight ,gross_weight ,net_weight ,tare_weight ,weight_cer ,quality_cer ,color_level ,length ,strength ,micron_value ,long_integer ,roll_process ,resurgence ,reflectivity ,yellow_index ,impurity ,depository ,process_unit ,supplier ,contacts ,tel ,address ,inspection_date ,create_time ,state FROM CottonQuotation order by create_time LIMIT 0,20 
2018-12-26 16:32:11.937  [http-nio-8061-exec-1] DEBUG [com.zhonghua.cotton.mapper.admin.CottonMapper.selectCottonQuotationPage:] http-nio-8061-exec-1cid - ==> Parameters: 
2018-12-26 16:32:11.942  [http-nio-8061-exec-1] DEBUG [com.zhonghua.cotton.mapper.admin.CottonMapper.selectCottonQuotationPage:] http-nio-8061-exec-1cid - <==      Total: 1
2018-12-26 16:32:11.942  [http-nio-8061-exec-1] DEBUG [com.zhonghua.cotton.mapper.admin.CottonMapper.selectCottonQuotationCount:] http-nio-8061-exec-1cid - ==>  Preparing: SELECT COUNT(id) FROM CottonQuotation 
2018-12-26 16:32:11.943  [http-nio-8061-exec-1] DEBUG [com.zhonghua.cotton.mapper.admin.CottonMapper.selectCottonQuotationCount:] http-nio-8061-exec-1cid - ==> Parameters: 
2018-12-26 16:32:11.945  [http-nio-8061-exec-1] DEBUG [com.zhonghua.cotton.mapper.admin.CottonMapper.selectCottonQuotationCount:] http-nio-8061-exec-1cid - <==      Total: 1
2018-12-26 16:32:21.838  [http-nio-8061-exec-8] DEBUG [com.zhonghua.cotton.mapper.admin.CottonMapper.findQuotationById:] http-nio-8061-exec-8cid - ==>  Preparing: SELECT batch_number ,pick ,type ,price ,number ,weight ,gross_weight ,net_weight ,tare_weight ,weight_cer ,quality_cer ,color_level ,length ,strength ,micron_value ,long_integer ,roll_process ,resurgence ,reflectivity ,yellow_index ,impurity ,depository ,process_unit ,supplier ,contacts ,tel ,address ,inspection_date ,create_time ,state FROM CottonQuotation WHERE id = ? 
2018-12-26 16:32:21.843  [http-nio-8061-exec-8] DEBUG [com.zhonghua.cotton.mapper.admin.CottonMapper.findQuotationById:] http-nio-8061-exec-8cid - ==> Parameters: 247(Integer)
2018-12-26 16:32:21.854  [http-nio-8061-exec-8] DEBUG [com.zhonghua.cotton.mapper.admin.CottonMapper.findQuotationById:] http-nio-8061-exec-8cid - <==      Total: 1
2018-12-26 16:32:21.855  [http-nio-8061-exec-8] DEBUG [com.zhonghua.cotton.mapper.admin.CottonMapper.avgQualityByBatchNumber:] http-nio-8061-exec-8cid - ==>  Preparing: SELECT batch_number,SUM(weight) weight,SUM(gross_weight) gw, SUM(net_weight) nw,SUM(tare_weight) tw, selectCottonPick(batch_number) pick,selectCottonType(batch_number) type, selectMaxColor(batch_number) cl, selectCountQua(batch_number) num, round(AVG(length),2) len, round(AVG(strength),2) stre, round(AVG(micron_value),2) mv, round(AVG(long_integer),2) li, round(AVG(resurgence),2) res, round(AVG(reflectivity),2) ref, round(AVG(yellow_index),2) yi, round(AVG(impurity),2) imp, selectMaxQua(batch_number) rp FROM cottonquality GROUP BY batch_number HAVING batch_number = ? 
2018-12-26 16:32:21.856  [http-nio-8061-exec-8] DEBUG [com.zhonghua.cotton.mapper.admin.CottonMapper.avgQualityByBatchNumber:] http-nio-8061-exec-8cid - ==> Parameters: 65489123654(String)
2018-12-26 16:32:21.887  [http-nio-8061-exec-8] DEBUG [com.zhonghua.cotton.mapper.admin.CottonMapper.avgQualityByBatchNumber:] http-nio-8061-exec-8cid - <==      Total: 1
2018-12-26 16:35:19.099  [http-nio-8061-exec-9] DEBUG [com.zhonghua.cotton.mapper.admin.UserMapper.authUser:] http-nio-8061-exec-9cid - ==>  Preparing: SELECT username ,password ,salt ,create_time ,update_time ,del_flag ,lock_flag ,phone ,avatar ,dept_id FROM sysuser WHERE username = ? AND password = ? AND del_flag = "0" AND lock_flag = "0" 
2018-12-26 16:35:19.196  [http-nio-8061-exec-9] DEBUG [com.zhonghua.cotton.mapper.admin.UserMapper.authUser:] http-nio-8061-exec-9cid - ==> Parameters: admin(String), a759fb1212ff39a9948a0d325d5638d39eb62fa3(String)
2018-12-26 16:35:19.227  [http-nio-8061-exec-9] DEBUG [com.zhonghua.cotton.mapper.admin.UserMapper.authUser:] http-nio-8061-exec-9cid - <==      Total: 1
2018-12-26 16:35:19.265  [http-nio-8061-exec-6] DEBUG [com.zhonghua.cotton.mapper.admin.CottonMapper.selectCottonQuotationPage:] http-nio-8061-exec-6cid - ==>  Preparing: SELECT id, batch_number ,pick ,type ,price ,number ,weight ,gross_weight ,net_weight ,tare_weight ,weight_cer ,quality_cer ,color_level ,length ,strength ,micron_value ,long_integer ,roll_process ,resurgence ,reflectivity ,yellow_index ,impurity ,depository ,process_unit ,supplier ,contacts ,tel ,address ,inspection_date ,create_time ,state FROM CottonQuotation order by create_time LIMIT 0,20 
2018-12-26 16:35:19.269  [http-nio-8061-exec-6] DEBUG [com.zhonghua.cotton.mapper.admin.CottonMapper.selectCottonQuotationPage:] http-nio-8061-exec-6cid - ==> Parameters: 
2018-12-26 16:35:19.275  [http-nio-8061-exec-6] DEBUG [com.zhonghua.cotton.mapper.admin.CottonMapper.selectCottonQuotationPage:] http-nio-8061-exec-6cid - <==      Total: 1
2018-12-26 16:35:19.276  [http-nio-8061-exec-6] DEBUG [com.zhonghua.cotton.mapper.admin.CottonMapper.selectCottonQuotationCount:] http-nio-8061-exec-6cid - ==>  Preparing: SELECT COUNT(id) FROM CottonQuotation 
2018-12-26 16:35:19.280  [http-nio-8061-exec-6] DEBUG [com.zhonghua.cotton.mapper.admin.CottonMapper.selectCottonQuotationCount:] http-nio-8061-exec-6cid - ==> Parameters: 
2018-12-26 16:35:19.282  [http-nio-8061-exec-6] DEBUG [com.zhonghua.cotton.mapper.admin.CottonMapper.selectCottonQuotationCount:] http-nio-8061-exec-6cid - <==      Total: 1
2018-12-26 16:35:24.423  [http-nio-8061-exec-1] DEBUG [com.zhonghua.cotton.mapper.admin.CottonMapper.removeQuotation:] http-nio-8061-exec-1cid - ==>  Preparing: DELETE FROM cottonquotation WHERE id IN ( CONVERT(?,SIGNED) ) 
2018-12-26 16:35:24.425  [http-nio-8061-exec-1] DEBUG [com.zhonghua.cotton.mapper.admin.CottonMapper.removeQuotation:] http-nio-8061-exec-1cid - ==> Parameters: 247(String)
2018-12-26 16:35:24.432  [http-nio-8061-exec-1] DEBUG [com.zhonghua.cotton.mapper.admin.CottonMapper.removeQuotation:] http-nio-8061-exec-1cid - <==    Updates: 1
2018-12-26 16:35:24.449  [http-nio-8061-exec-2] DEBUG [com.zhonghua.cotton.mapper.admin.CottonMapper.selectCottonQuotationPage:] http-nio-8061-exec-2cid - ==>  Preparing: SELECT id, batch_number ,pick ,type ,price ,number ,weight ,gross_weight ,net_weight ,tare_weight ,weight_cer ,quality_cer ,color_level ,length ,strength ,micron_value ,long_integer ,roll_process ,resurgence ,reflectivity ,yellow_index ,impurity ,depository ,process_unit ,supplier ,contacts ,tel ,address ,inspection_date ,create_time ,state FROM CottonQuotation order by create_time LIMIT 0,20 
2018-12-26 16:35:24.450  [http-nio-8061-exec-2] DEBUG [com.zhonghua.cotton.mapper.admin.CottonMapper.selectCottonQuotationPage:] http-nio-8061-exec-2cid - ==> Parameters: 
2018-12-26 16:35:24.453  [http-nio-8061-exec-2] DEBUG [com.zhonghua.cotton.mapper.admin.CottonMapper.selectCottonQuotationPage:] http-nio-8061-exec-2cid - <==      Total: 0
2018-12-26 16:35:24.454  [http-nio-8061-exec-2] DEBUG [com.zhonghua.cotton.mapper.admin.CottonMapper.selectCottonQuotationCount:] http-nio-8061-exec-2cid - ==>  Preparing: SELECT COUNT(id) FROM CottonQuotation 
2018-12-26 16:35:24.455  [http-nio-8061-exec-2] DEBUG [com.zhonghua.cotton.mapper.admin.CottonMapper.selectCottonQuotationCount:] http-nio-8061-exec-2cid - ==> Parameters: 
2018-12-26 16:35:24.457  [http-nio-8061-exec-2] DEBUG [com.zhonghua.cotton.mapper.admin.CottonMapper.selectCottonQuotationCount:] http-nio-8061-exec-2cid - <==      Total: 1
2018-12-26 16:35:25.958  [http-nio-8061-exec-2] DEBUG [com.zhonghua.cotton.mapper.admin.CottonMapper.countQualityByBatchNumber:] http-nio-8061-exec-2cid - ==>  Preparing: SELECT COUNT(*) FROM CottonQuality WHERE batch_number = ? 
2018-12-26 16:35:25.960  [http-nio-8061-exec-2] DEBUG [com.zhonghua.cotton.mapper.admin.CottonMapper.countQualityByBatchNumber:] http-nio-8061-exec-2cid - ==> Parameters: 65489123654(String)
2018-12-26 16:35:25.963  [http-nio-8061-exec-2] DEBUG [com.zhonghua.cotton.mapper.admin.CottonMapper.countQualityByBatchNumber:] http-nio-8061-exec-2cid - <==      Total: 1
2018-12-26 16:35:25.964  [http-nio-8061-exec-2] DEBUG [com.zhonghua.cotton.mapper.admin.CottonMapper.countQuotationByBatchNumber:] http-nio-8061-exec-2cid - ==>  Preparing: SELECT COUNT(*) FROM CottonQuotation WHERE batch_number = ? 
2018-12-26 16:35:25.964  [http-nio-8061-exec-2] DEBUG [com.zhonghua.cotton.mapper.admin.CottonMapper.countQuotationByBatchNumber:] http-nio-8061-exec-2cid - ==> Parameters: 65489123654(String)
2018-12-26 16:35:25.966  [http-nio-8061-exec-2] DEBUG [com.zhonghua.cotton.mapper.admin.CottonMapper.countQuotationByBatchNumber:] http-nio-8061-exec-2cid - <==      Total: 1
2018-12-26 16:35:25.977  [http-nio-8061-exec-4] DEBUG [com.zhonghua.cotton.mapper.admin.CottonMapper.avgQualityByBatchNumber:] http-nio-8061-exec-4cid - ==>  Preparing: SELECT batch_number,SUM(weight) weight,SUM(gross_weight) gw, SUM(net_weight) nw,SUM(tare_weight) tw, selectCottonPick(batch_number) pick,selectCottonType(batch_number) type, selectMaxColor(batch_number) cl, selectCountQua(batch_number) num, round(AVG(length),2) len, round(AVG(strength),2) stre, round(AVG(micron_value),2) mv, round(AVG(long_integer),2) li, round(AVG(resurgence),2) res, round(AVG(reflectivity),2) ref, round(AVG(yellow_index),2) yi, round(AVG(impurity),2) imp, selectMaxQua(batch_number) rp FROM cottonquality GROUP BY batch_number HAVING batch_number = ? 
2018-12-26 16:35:25.979  [http-nio-8061-exec-4] DEBUG [com.zhonghua.cotton.mapper.admin.CottonMapper.avgQualityByBatchNumber:] http-nio-8061-exec-4cid - ==> Parameters: 65489123654(String)
2018-12-26 16:35:26.019  [http-nio-8061-exec-4] DEBUG [com.zhonghua.cotton.mapper.admin.CottonMapper.avgQualityByBatchNumber:] http-nio-8061-exec-4cid - <==      Total: 1
2018-12-26 16:35:34.549  [http-nio-8061-exec-6] DEBUG [com.zhonghua.cotton.mapper.admin.CottonMapper.countQuotationByBatchNumber:] http-nio-8061-exec-6cid - ==>  Preparing: SELECT COUNT(*) FROM CottonQuotation WHERE batch_number = ? 
2018-12-26 16:35:34.550  [http-nio-8061-exec-6] DEBUG [com.zhonghua.cotton.mapper.admin.CottonMapper.countQuotationByBatchNumber:] http-nio-8061-exec-6cid - ==> Parameters: 65489123654(String)
2018-12-26 16:35:34.552  [http-nio-8061-exec-6] DEBUG [com.zhonghua.cotton.mapper.admin.CottonMapper.countQuotationByBatchNumber:] http-nio-8061-exec-6cid - <==      Total: 1
2018-12-26 16:35:34.553  [http-nio-8061-exec-6] DEBUG [com.zhonghua.cotton.mapper.admin.CottonMapper.avgQualityByBatchNumber:] http-nio-8061-exec-6cid - ==>  Preparing: SELECT batch_number,SUM(weight) weight,SUM(gross_weight) gw, SUM(net_weight) nw,SUM(tare_weight) tw, selectCottonPick(batch_number) pick,selectCottonType(batch_number) type, selectMaxColor(batch_number) cl, selectCountQua(batch_number) num, round(AVG(length),2) len, round(AVG(strength),2) stre, round(AVG(micron_value),2) mv, round(AVG(long_integer),2) li, round(AVG(resurgence),2) res, round(AVG(reflectivity),2) ref, round(AVG(yellow_index),2) yi, round(AVG(impurity),2) imp, selectMaxQua(batch_number) rp FROM cottonquality GROUP BY batch_number HAVING batch_number = ? 
2018-12-26 16:35:34.554  [http-nio-8061-exec-6] DEBUG [com.zhonghua.cotton.mapper.admin.CottonMapper.avgQualityByBatchNumber:] http-nio-8061-exec-6cid - ==> Parameters: 65489123654(String)
2018-12-26 16:35:34.577  [http-nio-8061-exec-6] DEBUG [com.zhonghua.cotton.mapper.admin.CottonMapper.avgQualityByBatchNumber:] http-nio-8061-exec-6cid - <==      Total: 1
2018-12-26 16:35:34.577  [http-nio-8061-exec-6] DEBUG [com.zhonghua.cotton.mapper.admin.CottonMapper.saveQuotation:] http-nio-8061-exec-6cid - ==>  Preparing: INSERT INTO CottonQuotation ( batch_number ,pick ,type ,price ,number ,weight ,gross_weight ,net_weight ,tare_weight ,weight_cer ,quality_cer ,color_level ,length ,strength ,micron_value ,long_integer ,roll_process ,resurgence ,reflectivity ,yellow_index ,impurity ,depository ,process_unit ,supplier ,contacts ,tel ,address ,inspection_date ,create_time ,state ) VALUES ( ? ,? ,? ,? ,? ,? ,? ,? ,? ,? ,? ,? ,? ,? ,? ,? ,? ,? ,? ,? ,? ,? ,? ,? ,? ,? ,? ,? ,? ,? ) 
2018-12-26 16:35:34.585  [http-nio-8061-exec-6] DEBUG [com.zhonghua.cotton.mapper.admin.CottonMapper.saveQuotation:] http-nio-8061-exec-6cid - ==> Parameters: 65489123654(String), 机采(String), 机采棉(String), 15000(BigDecimal), 25(Integer), 5.650(BigDecimal), 5.700(BigDecimal), 5.650(BigDecimal), 31.750(BigDecimal), 16549845641561(String), 1564156165161651(String), 22(String), 28.36(String), 25.65(String), 4.09(String), 82.65(String), P2(String), 8.62(String), 78.65(String), 8.61(String), 1.39(String), 清远仓(String), 忠华集团(String), 忠华集团(String), 小明(String), 18676319986(String), 清远(String), null, 2018-12-26 16:35:34.577(Timestamp), 0(Integer)
2018-12-26 16:35:34.590  [http-nio-8061-exec-6] DEBUG [com.zhonghua.cotton.mapper.admin.CottonMapper.saveQuotation:] http-nio-8061-exec-6cid - <==    Updates: 1
2018-12-26 16:35:34.605  [http-nio-8061-exec-9] DEBUG [com.zhonghua.cotton.mapper.admin.CottonMapper.selectCottonQuotationPage:] http-nio-8061-exec-9cid - ==>  Preparing: SELECT id, batch_number ,pick ,type ,price ,number ,weight ,gross_weight ,net_weight ,tare_weight ,weight_cer ,quality_cer ,color_level ,length ,strength ,micron_value ,long_integer ,roll_process ,resurgence ,reflectivity ,yellow_index ,impurity ,depository ,process_unit ,supplier ,contacts ,tel ,address ,inspection_date ,create_time ,state FROM CottonQuotation order by create_time LIMIT 0,20 
2018-12-26 16:35:34.605  [http-nio-8061-exec-9] DEBUG [com.zhonghua.cotton.mapper.admin.CottonMapper.selectCottonQuotationPage:] http-nio-8061-exec-9cid - ==> Parameters: 
2018-12-26 16:35:34.611  [http-nio-8061-exec-9] DEBUG [com.zhonghua.cotton.mapper.admin.CottonMapper.selectCottonQuotationPage:] http-nio-8061-exec-9cid - <==      Total: 1
2018-12-26 16:35:34.612  [http-nio-8061-exec-9] DEBUG [com.zhonghua.cotton.mapper.admin.CottonMapper.selectCottonQuotationCount:] http-nio-8061-exec-9cid - ==>  Preparing: SELECT COUNT(id) FROM CottonQuotation 
2018-12-26 16:35:34.612  [http-nio-8061-exec-9] DEBUG [com.zhonghua.cotton.mapper.admin.CottonMapper.selectCottonQuotationCount:] http-nio-8061-exec-9cid - ==> Parameters: 
2018-12-26 16:35:34.614  [http-nio-8061-exec-9] DEBUG [com.zhonghua.cotton.mapper.admin.CottonMapper.selectCottonQuotationCount:] http-nio-8061-exec-9cid - <==      Total: 1
2018-12-26 16:35:39.263  [http-nio-8061-exec-4] DEBUG [com.zhonghua.cotton.mapper.admin.CottonMapper.findQuotationById:] http-nio-8061-exec-4cid - ==>  Preparing: SELECT batch_number ,pick ,type ,price ,number ,weight ,gross_weight ,net_weight ,tare_weight ,weight_cer ,quality_cer ,color_level ,length ,strength ,micron_value ,long_integer ,roll_process ,resurgence ,reflectivity ,yellow_index ,impurity ,depository ,process_unit ,supplier ,contacts ,tel ,address ,inspection_date ,create_time ,state FROM CottonQuotation WHERE id = ? 
2018-12-26 16:35:39.264  [http-nio-8061-exec-4] DEBUG [com.zhonghua.cotton.mapper.admin.CottonMapper.findQuotationById:] http-nio-8061-exec-4cid - ==> Parameters: 248(Integer)
2018-12-26 16:35:39.273  [http-nio-8061-exec-4] DEBUG [com.zhonghua.cotton.mapper.admin.CottonMapper.findQuotationById:] http-nio-8061-exec-4cid - <==      Total: 1
2018-12-26 16:35:39.274  [http-nio-8061-exec-4] DEBUG [com.zhonghua.cotton.mapper.admin.CottonMapper.avgQualityByBatchNumber:] http-nio-8061-exec-4cid - ==>  Preparing: SELECT batch_number,SUM(weight) weight,SUM(gross_weight) gw, SUM(net_weight) nw,SUM(tare_weight) tw, selectCottonPick(batch_number) pick,selectCottonType(batch_number) type, selectMaxColor(batch_number) cl, selectCountQua(batch_number) num, round(AVG(length),2) len, round(AVG(strength),2) stre, round(AVG(micron_value),2) mv, round(AVG(long_integer),2) li, round(AVG(resurgence),2) res, round(AVG(reflectivity),2) ref, round(AVG(yellow_index),2) yi, round(AVG(impurity),2) imp, selectMaxQua(batch_number) rp FROM cottonquality GROUP BY batch_number HAVING batch_number = ? 
2018-12-26 16:35:39.276  [http-nio-8061-exec-4] DEBUG [com.zhonghua.cotton.mapper.admin.CottonMapper.avgQualityByBatchNumber:] http-nio-8061-exec-4cid - ==> Parameters: 65489123654(String)
2018-12-26 16:35:39.306  [http-nio-8061-exec-4] DEBUG [com.zhonghua.cotton.mapper.admin.CottonMapper.avgQualityByBatchNumber:] http-nio-8061-exec-4cid - <==      Total: 1
2018-12-26 16:35:46.993  [http-nio-8061-exec-10] DEBUG [com.zhonghua.cotton.mapper.admin.CottonMapper.updateQuotation:] http-nio-8061-exec-10cid - ==>  Preparing: UPDATE CottonQuotation SET price = ?, weight_cer = ?, quality_cer = ?, depository = ?, process_unit = ?, supplier = ?, contacts = ?, tel = ?, address = ? WHERE batch_number = ? 
2018-12-26 16:35:46.996  [http-nio-8061-exec-10] DEBUG [com.zhonghua.cotton.mapper.admin.CottonMapper.updateQuotation:] http-nio-8061-exec-10cid - ==> Parameters: 15000(BigDecimal), 16549845641561(String), 1564156165161651(String), 清远仓2(String), 忠华集团(String), 忠华集团(String), 小明(String), 18676319986(String), 清远(String), 65489123654(String)
2018-12-26 16:35:47.005  [http-nio-8061-exec-10] DEBUG [com.zhonghua.cotton.mapper.admin.CottonMapper.updateQuotation:] http-nio-8061-exec-10cid - <==    Updates: 1
2018-12-26 16:35:47.029  [http-nio-8061-exec-3] DEBUG [com.zhonghua.cotton.mapper.admin.CottonMapper.selectCottonQuotationPage:] http-nio-8061-exec-3cid - ==>  Preparing: SELECT id, batch_number ,pick ,type ,price ,number ,weight ,gross_weight ,net_weight ,tare_weight ,weight_cer ,quality_cer ,color_level ,length ,strength ,micron_value ,long_integer ,roll_process ,resurgence ,reflectivity ,yellow_index ,impurity ,depository ,process_unit ,supplier ,contacts ,tel ,address ,inspection_date ,create_time ,state FROM CottonQuotation order by create_time LIMIT 0,20 
2018-12-26 16:35:47.029  [http-nio-8061-exec-3] DEBUG [com.zhonghua.cotton.mapper.admin.CottonMapper.selectCottonQuotationPage:] http-nio-8061-exec-3cid - ==> Parameters: 
2018-12-26 16:35:47.033  [http-nio-8061-exec-3] DEBUG [com.zhonghua.cotton.mapper.admin.CottonMapper.selectCottonQuotationPage:] http-nio-8061-exec-3cid - <==      Total: 1
2018-12-26 16:35:47.034  [http-nio-8061-exec-3] DEBUG [com.zhonghua.cotton.mapper.admin.CottonMapper.selectCottonQuotationCount:] http-nio-8061-exec-3cid - ==>  Preparing: SELECT COUNT(id) FROM CottonQuotation 
2018-12-26 16:35:47.036  [http-nio-8061-exec-3] DEBUG [com.zhonghua.cotton.mapper.admin.CottonMapper.selectCottonQuotationCount:] http-nio-8061-exec-3cid - ==> Parameters: 
2018-12-26 16:35:47.038  [http-nio-8061-exec-3] DEBUG [com.zhonghua.cotton.mapper.admin.CottonMapper.selectCottonQuotationCount:] http-nio-8061-exec-3cid - <==      Total: 1
2018-12-26 16:38:02.023  [http-nio-8061-exec-6] DEBUG [com.zhonghua.cotton.mapper.admin.UserMapper.authUser:] http-nio-8061-exec-6cid - ==>  Preparing: SELECT username ,password ,salt ,create_time ,update_time ,del_flag ,lock_flag ,phone ,avatar ,dept_id FROM sysuser WHERE username = ? AND password = ? AND del_flag = "0" AND lock_flag = "0" 
2018-12-26 16:38:02.120  [http-nio-8061-exec-6] DEBUG [com.zhonghua.cotton.mapper.admin.UserMapper.authUser:] http-nio-8061-exec-6cid - ==> Parameters: admin(String), a759fb1212ff39a9948a0d325d5638d39eb62fa3(String)
2018-12-26 16:38:02.164  [http-nio-8061-exec-6] DEBUG [com.zhonghua.cotton.mapper.admin.UserMapper.authUser:] http-nio-8061-exec-6cid - <==      Total: 1
2018-12-26 16:38:02.217  [http-nio-8061-exec-7] DEBUG [com.zhonghua.cotton.mapper.admin.CottonMapper.selectCottonQuotationPage:] http-nio-8061-exec-7cid - ==>  Preparing: SELECT id, batch_number ,pick ,type ,price ,number ,weight ,gross_weight ,net_weight ,tare_weight ,weight_cer ,quality_cer ,color_level ,length ,strength ,micron_value ,long_integer ,roll_process ,resurgence ,reflectivity ,yellow_index ,impurity ,depository ,process_unit ,supplier ,contacts ,tel ,address ,inspection_date ,create_time ,state FROM CottonQuotation order by create_time LIMIT 0,20 
2018-12-26 16:38:02.223  [http-nio-8061-exec-7] DEBUG [com.zhonghua.cotton.mapper.admin.CottonMapper.selectCottonQuotationPage:] http-nio-8061-exec-7cid - ==> Parameters: 
2018-12-26 16:38:02.233  [http-nio-8061-exec-7] DEBUG [com.zhonghua.cotton.mapper.admin.CottonMapper.selectCottonQuotationPage:] http-nio-8061-exec-7cid - <==      Total: 1
2018-12-26 16:38:02.236  [http-nio-8061-exec-7] DEBUG [com.zhonghua.cotton.mapper.admin.CottonMapper.selectCottonQuotationCount:] http-nio-8061-exec-7cid - ==>  Preparing: SELECT COUNT(id) FROM CottonQuotation 
2018-12-26 16:38:02.239  [http-nio-8061-exec-7] DEBUG [com.zhonghua.cotton.mapper.admin.CottonMapper.selectCottonQuotationCount:] http-nio-8061-exec-7cid - ==> Parameters: 
2018-12-26 16:38:02.242  [http-nio-8061-exec-7] DEBUG [com.zhonghua.cotton.mapper.admin.CottonMapper.selectCottonQuotationCount:] http-nio-8061-exec-7cid - <==      Total: 1
2018-12-26 16:40:58.773  [http-nio-8061-exec-6] DEBUG [com.zhonghua.cotton.mapper.admin.UserMapper.authUser:] http-nio-8061-exec-6cid - ==>  Preparing: SELECT username ,password ,salt ,create_time ,update_time ,del_flag ,lock_flag ,phone ,avatar ,dept_id FROM sysuser WHERE username = ? AND password = ? AND del_flag = "0" AND lock_flag = "0" 
2018-12-26 16:40:58.833  [http-nio-8061-exec-6] DEBUG [com.zhonghua.cotton.mapper.admin.UserMapper.authUser:] http-nio-8061-exec-6cid - ==> Parameters: admin(String), a759fb1212ff39a9948a0d325d5638d39eb62fa3(String)
2018-12-26 16:40:58.857  [http-nio-8061-exec-6] DEBUG [com.zhonghua.cotton.mapper.admin.UserMapper.authUser:] http-nio-8061-exec-6cid - <==      Total: 1
2018-12-26 16:40:58.886  [http-nio-8061-exec-7] DEBUG [com.zhonghua.cotton.mapper.admin.CottonMapper.selectCottonQuotationPage:] http-nio-8061-exec-7cid - ==>  Preparing: SELECT id, batch_number ,pick ,type ,price ,number ,weight ,gross_weight ,net_weight ,tare_weight ,weight_cer ,quality_cer ,color_level ,length ,strength ,micron_value ,long_integer ,roll_process ,resurgence ,reflectivity ,yellow_index ,impurity ,depository ,process_unit ,supplier ,contacts ,tel ,address ,inspection_date ,create_time ,state FROM CottonQuotation order by create_time LIMIT 0,20 
2018-12-26 16:40:58.888  [http-nio-8061-exec-7] DEBUG [com.zhonghua.cotton.mapper.admin.CottonMapper.selectCottonQuotationPage:] http-nio-8061-exec-7cid - ==> Parameters: 
2018-12-26 16:40:58.893  [http-nio-8061-exec-7] DEBUG [com.zhonghua.cotton.mapper.admin.CottonMapper.selectCottonQuotationPage:] http-nio-8061-exec-7cid - <==      Total: 1
2018-12-26 16:40:58.894  [http-nio-8061-exec-7] DEBUG [com.zhonghua.cotton.mapper.admin.CottonMapper.selectCottonQuotationCount:] http-nio-8061-exec-7cid - ==>  Preparing: SELECT COUNT(id) FROM CottonQuotation 
2018-12-26 16:40:58.896  [http-nio-8061-exec-7] DEBUG [com.zhonghua.cotton.mapper.admin.CottonMapper.selectCottonQuotationCount:] http-nio-8061-exec-7cid - ==> Parameters: 
2018-12-26 16:40:58.898  [http-nio-8061-exec-7] DEBUG [com.zhonghua.cotton.mapper.admin.CottonMapper.selectCottonQuotationCount:] http-nio-8061-exec-7cid - <==      Total: 1
2018-12-26 16:44:25.090  [http-nio-8061-exec-5] DEBUG [com.zhonghua.cotton.mapper.admin.UserMapper.authUser:] http-nio-8061-exec-5cid - ==>  Preparing: SELECT username ,password ,salt ,create_time ,update_time ,del_flag ,lock_flag ,phone ,avatar ,dept_id FROM sysuser WHERE username = ? AND password = ? AND del_flag = "0" AND lock_flag = "0" 
2018-12-26 16:44:25.154  [http-nio-8061-exec-5] DEBUG [com.zhonghua.cotton.mapper.admin.UserMapper.authUser:] http-nio-8061-exec-5cid - ==> Parameters: admin(String), a759fb1212ff39a9948a0d325d5638d39eb62fa3(String)
2018-12-26 16:44:25.179  [http-nio-8061-exec-5] DEBUG [com.zhonghua.cotton.mapper.admin.UserMapper.authUser:] http-nio-8061-exec-5cid - <==      Total: 1
2018-12-26 16:44:25.207  [http-nio-8061-exec-4] DEBUG [com.zhonghua.cotton.mapper.admin.CottonMapper.selectCottonQuotationPage:] http-nio-8061-exec-4cid - ==>  Preparing: SELECT id, batch_number ,pick ,type ,price ,number ,weight ,gross_weight ,net_weight ,tare_weight ,weight_cer ,quality_cer ,color_level ,length ,strength ,micron_value ,long_integer ,roll_process ,resurgence ,reflectivity ,yellow_index ,impurity ,depository ,process_unit ,supplier ,contacts ,tel ,address ,inspection_date ,create_time ,state FROM CottonQuotation order by create_time LIMIT 0,20 
2018-12-26 16:44:25.210  [http-nio-8061-exec-4] DEBUG [com.zhonghua.cotton.mapper.admin.CottonMapper.selectCottonQuotationPage:] http-nio-8061-exec-4cid - ==> Parameters: 
2018-12-26 16:44:25.215  [http-nio-8061-exec-4] DEBUG [com.zhonghua.cotton.mapper.admin.CottonMapper.selectCottonQuotationPage:] http-nio-8061-exec-4cid - <==      Total: 1
2018-12-26 16:44:25.216  [http-nio-8061-exec-4] DEBUG [com.zhonghua.cotton.mapper.admin.CottonMapper.selectCottonQuotationCount:] http-nio-8061-exec-4cid - ==>  Preparing: SELECT COUNT(id) FROM CottonQuotation 
2018-12-26 16:44:25.219  [http-nio-8061-exec-4] DEBUG [com.zhonghua.cotton.mapper.admin.CottonMapper.selectCottonQuotationCount:] http-nio-8061-exec-4cid - ==> Parameters: 
2018-12-26 16:44:25.220  [http-nio-8061-exec-4] DEBUG [com.zhonghua.cotton.mapper.admin.CottonMapper.selectCottonQuotationCount:] http-nio-8061-exec-4cid - <==      Total: 1
